<?xml version="1.0" encoding="UTF-8"?>
<coverage generated="1558384817221" clover="3.2.0">
  <project timestamp="1558384817221" name="All files">
    <metrics statements="22" coveredstatements="22" conditionals="15" coveredconditionals="11" methods="6" coveredmethods="5" elements="43" coveredelements="38" complexity="0" loc="22" ncloc="22" packages="1" files="1" classes="1">
      <file name="button.vue" path="/home/ehainer/Vue/DesignStandard/button/src/button.vue">
        <metrics statements="22" coveredstatements="22" conditionals="15" coveredconditionals="11" methods="6" coveredmethods="5"/>
        <line num="17" count="1" type="stmt"/>
        <line num="115" count="1" type="cond" truecount="4" falsecount="1"/>
        <line num="117" count="1" type="stmt"/>
        <line num="118" count="1" type="stmt"/>
        <line num="119" count="1" type="stmt"/>
        <line num="120" count="1" type="stmt"/>
        <line num="126" count="1" type="stmt"/>
        <line num="129" count="1" type="stmt"/>
        <line num="130" count="1" type="stmt"/>
        <line num="133" count="1" type="stmt"/>
        <line num="134" count="1" type="stmt"/>
        <line num="137" count="1" type="stmt"/>
        <line num="145" count="9" type="stmt"/>
        <line num="160" count="7" type="stmt"/>
        <line num="164" count="7" type="cond" truecount="1" falsecount="1"/>
        <line num="167" count="7" type="stmt"/>
        <line num="168" count="21" type="stmt"/>
        <line num="169" count="21" type="cond" truecount="1" falsecount="1"/>
        <line num="170" count="21" type="cond" truecount="1" falsecount="1"/>
        <line num="171" count="21" type="stmt"/>
        <line num="174" count="7" type="stmt"/>
        <line num="178" count="8" type="stmt"/>
      </file>
    </metrics>
  </project>
</coverage>
