{"/home/ehainer/Vue/DesignStandard/button/src/button.vue": {"path":"/home/ehainer/Vue/DesignStandard/button/src/button.vue","statementMap":{"0":{"start":{"line":17,"column":0},"end":{"line":null,"column":-1}},"1":{"start":{"line":115,"column":0},"end":{"line":null,"column":-1}},"2":{"start":{"line":117,"column":0},"end":{"line":null,"column":-1}},"3":{"start":{"line":118,"column":0},"end":{"line":null,"column":-1}},"4":{"start":{"line":119,"column":0},"end":{"line":null,"column":-1}},"5":{"start":{"line":120,"column":0},"end":{"line":null,"column":-1}},"6":{"start":{"line":126,"column":0},"end":{"line":null,"column":-1}},"7":{"start":{"line":129,"column":0},"end":{"line":null,"column":-1}},"8":{"start":{"line":130,"column":0},"end":{"line":null,"column":-1}},"9":{"start":{"line":133,"column":0},"end":{"line":null,"column":-1}},"10":{"start":{"line":134,"column":0},"end":{"line":null,"column":-1}},"11":{"start":{"line":137,"column":0},"end":{"line":null,"column":-1}},"12":{"start":{"line":145,"column":0},"end":{"line":null,"column":-1}},"13":{"start":{"line":160,"column":0},"end":{"line":null,"column":-1}},"14":{"start":{"line":164,"column":0},"end":{"line":null,"column":-1}},"15":{"start":{"line":167,"column":0},"end":{"line":172,"column":0}},"16":{"start":{"line":168,"column":0},"end":{"line":null,"column":-1}},"17":{"start":{"line":169,"column":0},"end":{"line":null,"column":-1}},"18":{"start":{"line":170,"column":0},"end":{"line":null,"column":-1}},"19":{"start":{"line":171,"column":0},"end":{"line":null,"column":-1}},"20":{"start":{"line":174,"column":0},"end":{"line":null,"column":-1}},"21":{"start":{"line":178,"column":0},"end":{"line":null,"column":-1}}},"fnMap":{"0":{"name":"(anonymous_1)","decl":{"start":{"line":113,"column":0},"end":{"line":null,"column":-1}},"loc":{"start":{"line":113,"column":0},"end":{"line":138,"column":0}}},"1":{"name":"(anonymous_2)","decl":{"start":{"line":137,"column":0},"end":{"line":null,"column":-1}},"loc":{"start":{"line":137,"column":0},"end":{"line":null,"column":-1}}},"2":{"name":"(anonymous_3)","decl":{"start":{"line":144,"column":0},"end":{"line":null,"column":-1}},"loc":{"start":{"line":144,"column":0},"end":{"line":152,"column":0}}},"3":{"name":"(anonymous_4)","decl":{"start":{"line":158,"column":0},"end":{"line":null,"column":-1}},"loc":{"start":{"line":158,"column":0},"end":{"line":175,"column":0}}},"4":{"name":"(anonymous_5)","decl":{"start":{"line":167,"column":0},"end":{"line":null,"column":-1}},"loc":{"start":{"line":167,"column":0},"end":{"line":172,"column":0}}},"5":{"name":"(anonymous_6)","decl":{"start":{"line":177,"column":0},"end":{"line":null,"column":-1}},"loc":{"start":{"line":177,"column":0},"end":{"line":181,"column":0}}}},"branchMap":{"0":{"loc":{"start":{"line":115,"column":0},"end":{"line":null,"column":-1}},"type":"if","locations":[{"start":{"line":115,"column":0},"end":{"line":null,"column":-1}},{"start":{"line":115,"column":0},"end":{"line":null,"column":-1}}]},"1":{"loc":{"start":{"line":115,"column":0},"end":{"line":null,"column":-1}},"type":"binary-expr","locations":[{"start":{"line":115,"column":0},"end":{"line":null,"column":-1}},{"start":{"line":115,"column":0},"end":{"line":null,"column":-1}},{"start":{"line":115,"column":0},"end":{"line":null,"column":-1}}]},"2":{"loc":{"start":{"line":148,"column":0},"end":{"line":null,"column":-1}},"type":"binary-expr","locations":[{"start":{"line":148,"column":0},"end":{"line":null,"column":-1}},{"start":{"line":148,"column":0},"end":{"line":null,"column":-1}}]},"3":{"loc":{"start":{"line":149,"column":0},"end":{"line":null,"column":-1}},"type":"binary-expr","locations":[{"start":{"line":149,"column":0},"end":{"line":null,"column":-1}},{"start":{"line":149,"column":0},"end":{"line":null,"column":-1}}]},"4":{"loc":{"start":{"line":164,"column":0},"end":{"line":null,"column":-1}},"type":"if","locations":[{"start":{"line":164,"column":0},"end":{"line":null,"column":-1}},{"start":{"line":164,"column":0},"end":{"line":null,"column":-1}}]},"5":{"loc":{"start":{"line":169,"column":0},"end":{"line":null,"column":-1}},"type":"if","locations":[{"start":{"line":169,"column":0},"end":{"line":null,"column":-1}},{"start":{"line":169,"column":0},"end":{"line":null,"column":-1}}]},"6":{"loc":{"start":{"line":170,"column":0},"end":{"line":null,"column":-1}},"type":"if","locations":[{"start":{"line":170,"column":0},"end":{"line":null,"column":-1}},{"start":{"line":170,"column":0},"end":{"line":null,"column":-1}}]}},"s":{"0":1,"1":1,"2":1,"3":1,"4":1,"5":1,"6":1,"7":1,"8":1,"9":1,"10":1,"11":1,"12":9,"13":7,"14":7,"15":7,"16":21,"17":21,"18":21,"19":21,"20":7,"21":8},"f":{"0":1,"1":0,"2":9,"3":7,"4":21,"5":8},"b":{"0":[0,1],"1":[1,1,1],"2":[9,8],"3":[9,9],"4":[0,7],"5":[0,21],"6":[0,21]}}
}
