TN:
SF:/home/ehainer/Vue/DesignStandard/button/src/button.vue
FN:113,(anonymous_1)
FN:137,(anonymous_2)
FN:144,(anonymous_3)
FN:158,(anonymous_4)
FN:167,(anonymous_5)
FN:177,(anonymous_6)
FNF:6
FNH:4
FNDA:0,(anonymous_1)
FNDA:0,(anonymous_2)
FNDA:8,(anonymous_3)
FNDA:7,(anonymous_4)
FNDA:21,(anonymous_5)
FNDA:8,(anonymous_6)
DA:17,1
DA:115,0
DA:117,0
DA:118,0
DA:119,0
DA:120,0
DA:126,0
DA:129,0
DA:130,0
DA:133,0
DA:134,0
DA:137,0
DA:145,8
DA:160,7
DA:164,7
DA:167,7
DA:168,21
DA:169,21
DA:170,21
DA:171,21
DA:174,7
DA:178,8
LF:22
LH:11
BRDA:115,0,0,0
BRDA:115,0,1,0
BRDA:115,1,0,0
BRDA:115,1,1,0
BRDA:115,1,2,0
BRDA:148,2,0,8
BRDA:148,2,1,7
BRDA:149,3,0,8
BRDA:149,3,1,8
BRDA:164,4,0,0
BRDA:164,4,1,7
BRDA:169,5,0,0
BRDA:169,5,1,21
BRDA:170,6,0,0
BRDA:170,6,1,21
BRF:15
BRH:7
end_of_record
